<?xml version="1.0" encoding="UTF-8"?>
<coverage generated="1651699265493" clover="3.2.0">
  <project timestamp="1651699265493" name="All files">
    <metrics statements="154" coveredstatements="119" conditionals="62" coveredconditionals="24" methods="18" coveredmethods="16" elements="234" coveredelements="159" complexity="0" loc="154" ncloc="154" packages="1" files="2" classes="2"/>
    <file name="userSchema.js" path="/Users/kyleburton/Desktop/csc 308 - personal homepage/Personal-Homepage/backend/model/userSchema.js">
      <metrics statements="5" coveredstatements="5" conditionals="0" coveredconditionals="0" methods="0" coveredmethods="0"/>
      <line num="1" count="1" type="stmt"/>
      <line num="3" count="1" type="stmt"/>
      <line num="13" count="1" type="stmt"/>
      <line num="42" count="1" type="stmt"/>
      <line num="71" count="1" type="stmt"/>
    </file>
    <file name="userServices.js" path="/Users/kyleburton/Desktop/csc 308 - personal homepage/Personal-Homepage/backend/model/userServices.js">
      <metrics statements="149" coveredstatements="114" conditionals="62" coveredconditionals="24" methods="18" coveredmethods="16"/>
      <line num="1" count="1" type="stmt"/>
      <line num="2" count="1" type="stmt"/>
      <line num="3" count="1" type="stmt"/>
      <line num="8" count="1" type="stmt"/>
      <line num="9" count="1" type="stmt"/>
      <line num="13" count="39" type="cond" truecount="1" falsecount="1"/>
      <line num="14" count="0" type="stmt"/>
      <line num="15" count="0" type="stmt"/>
      <line num="20" count="39" type="stmt"/>
      <line num="24" count="1" type="stmt"/>
      <line num="25" count="1" type="stmt"/>
      <line num="26" count="1" type="cond" truecount="1" falsecount="1"/>
      <line num="28" count="0" type="stmt"/>
      <line num="29" count="0" type="stmt"/>
      <line num="34" count="7" type="stmt"/>
      <line num="35" count="7" type="stmt"/>
      <line num="36" count="7" type="cond" truecount="2" falsecount="0"/>
      <line num="38" count="2" type="stmt"/>
      <line num="39" count="2" type="stmt"/>
      <line num="44" count="2" type="stmt"/>
      <line num="45" count="2" type="stmt"/>
      <line num="46" count="2" type="cond" truecount="2" falsecount="0"/>
      <line num="48" count="0" type="stmt"/>
      <line num="49" count="0" type="stmt"/>
      <line num="54" count="2" type="stmt"/>
      <line num="55" count="2" type="stmt"/>
      <line num="56" count="2" type="cond" truecount="1" falsecount="1"/>
      <line num="58" count="1" type="stmt"/>
      <line num="59" count="1" type="stmt"/>
      <line num="64" count="2" type="stmt"/>
      <line num="65" count="2" type="stmt"/>
      <line num="66" count="2" type="stmt"/>
      <line num="67" count="2" type="stmt"/>
      <line num="68" count="1" type="stmt"/>
      <line num="70" count="1" type="stmt"/>
      <line num="71" count="1" type="stmt"/>
      <line num="76" count="2" type="stmt"/>
      <line num="77" count="2" type="stmt"/>
      <line num="78" count="2" type="stmt"/>
      <line num="84" count="1" type="stmt"/>
      <line num="85" count="1" type="stmt"/>
      <line num="90" count="2" type="stmt"/>
      <line num="91" count="2" type="stmt"/>
      <line num="92" count="2" type="stmt"/>
      <line num="100" count="1" type="stmt"/>
      <line num="101" count="1" type="stmt"/>
      <line num="106" count="3" type="stmt"/>
      <line num="107" count="3" type="stmt"/>
      <line num="108" count="3" type="stmt"/>
      <line num="116" count="2" type="stmt"/>
      <line num="117" count="2" type="stmt"/>
      <line num="122" count="3" type="stmt"/>
      <line num="123" count="3" type="stmt"/>
      <line num="124" count="3" type="stmt"/>
      <line num="125" count="2" type="stmt"/>
      <line num="127" count="3" type="stmt"/>
      <line num="128" count="3" type="stmt"/>
      <line num="145" count="2" type="stmt"/>
      <line num="146" count="2" type="stmt"/>
      <line num="151" count="3" type="stmt"/>
      <line num="152" count="3" type="stmt"/>
      <line num="153" count="3" type="stmt"/>
      <line num="154" count="2" type="stmt"/>
      <line num="156" count="3" type="stmt"/>
      <line num="157" count="3" type="stmt"/>
      <line num="174" count="2" type="stmt"/>
      <line num="175" count="2" type="stmt"/>
      <line num="180" count="4" type="stmt"/>
      <line num="181" count="4" type="stmt"/>
      <line num="182" count="4" type="stmt"/>
      <line num="197" count="2" type="stmt"/>
      <line num="198" count="2" type="stmt"/>
      <line num="203" count="2" type="stmt"/>
      <line num="204" count="2" type="cond" truecount="2" falsecount="0"/>
      <line num="205" count="1" type="stmt"/>
      <line num="206" count="4" type="stmt"/>
      <line num="207" count="5" type="cond" truecount="2" falsecount="0"/>
      <line num="209" count="1" type="stmt"/>
      <line num="213" count="1" type="stmt"/>
      <line num="217" count="4" type="stmt"/>
      <line num="218" count="4" type="stmt"/>
      <line num="219" count="4" type="stmt"/>
      <line num="236" count="3" type="stmt"/>
      <line num="237" count="3" type="stmt"/>
      <line num="242" count="4" type="stmt"/>
      <line num="244" count="4" type="stmt"/>
      <line num="245" count="4" type="cond" truecount="2" falsecount="0"/>
      <line num="246" count="3" type="stmt"/>
      <line num="247" count="3" type="stmt"/>
      <line num="248" count="3" type="stmt"/>
      <line num="249" count="3" type="stmt"/>
      <line num="250" count="3" type="cond" truecount="2" falsecount="0"/>
      <line num="251" count="2" type="stmt"/>
      <line num="252" count="2" type="stmt"/>
      <line num="255" count="3" type="cond" truecount="2" falsecount="0"/>
      <line num="257" count="2" type="stmt"/>
      <line num="258" count="2" type="stmt"/>
      <line num="259" count="2" type="stmt"/>
      <line num="262" count="2" type="stmt"/>
      <line num="265" count="2" type="stmt"/>
      <line num="267" count="2" type="stmt"/>
      <line num="268" count="2" type="stmt"/>
      <line num="282" count="1" type="stmt"/>
      <line num="283" count="1" type="stmt"/>
      <line num="288" count="0" type="stmt"/>
      <line num="289" count="0" type="stmt"/>
      <line num="290" count="0" type="stmt"/>
      <line num="291" count="0" type="stmt"/>
      <line num="294" count="0" type="stmt"/>
      <line num="296" count="0" type="stmt"/>
      <line num="298" count="0" type="stmt"/>
      <line num="300" count="0" type="cond" truecount="0" falsecount="2"/>
      <line num="302" count="0" type="cond" truecount="0" falsecount="4"/>
      <line num="303" count="0" type="stmt"/>
      <line num="304" count="0" type="cond" truecount="0" falsecount="4"/>
      <line num="305" count="0" type="stmt"/>
      <line num="306" count="0" type="cond" truecount="0" falsecount="4"/>
      <line num="307" count="0" type="stmt"/>
      <line num="308" count="0" type="cond" truecount="0" falsecount="2"/>
      <line num="312" count="0" type="stmt"/>
      <line num="315" count="0" type="cond" truecount="0" falsecount="2"/>
      <line num="316" count="0" type="stmt"/>
      <line num="317" count="0" type="cond" truecount="0" falsecount="2"/>
      <line num="318" count="0" type="stmt"/>
      <line num="319" count="0" type="cond" truecount="0" falsecount="2"/>
      <line num="320" count="0" type="stmt"/>
      <line num="321" count="0" type="cond" truecount="0" falsecount="2"/>
      <line num="322" count="0" type="stmt"/>
      <line num="329" count="0" type="stmt"/>
      <line num="330" count="0" type="stmt"/>
      <line num="346" count="0" type="stmt"/>
      <line num="347" count="0" type="stmt"/>
      <line num="351" count="0" type="stmt"/>
      <line num="355" count="1" type="stmt"/>
      <line num="356" count="1" type="stmt"/>
      <line num="357" count="1" type="stmt"/>
      <line num="358" count="1" type="stmt"/>
      <line num="359" count="1" type="stmt"/>
      <line num="360" count="1" type="stmt"/>
      <line num="361" count="1" type="stmt"/>
      <line num="362" count="1" type="stmt"/>
      <line num="363" count="1" type="stmt"/>
      <line num="364" count="1" type="stmt"/>
      <line num="365" count="1" type="stmt"/>
      <line num="366" count="1" type="stmt"/>
      <line num="367" count="1" type="stmt"/>
      <line num="368" count="1" type="stmt"/>
      <line num="369" count="1" type="stmt"/>
      <line num="370" count="1" type="stmt"/>
    </file>
  </project>
</coverage>
