{"/Users/kyleburton/Desktop/csc 308 - personal homepage/Personal-Homepage/backend/model/userSchema.js": {"path":"/Users/kyleburton/Desktop/csc 308 - personal homepage/Personal-Homepage/backend/model/userSchema.js","statementMap":{"0":{"start":{"line":1,"column":17},"end":{"line":1,"column":36}},"1":{"start":{"line":3,"column":23},"end":{"line":11,"column":1}},"2":{"start":{"line":13,"column":19},"end":{"line":46,"column":2}},"3":{"start":{"line":48,"column":19},"end":{"line":75,"column":1}},"4":{"start":{"line":77,"column":0},"end":{"line":77,"column":28}}},"fnMap":{},"branchMap":{},"s":{"0":2,"1":2,"2":2,"3":2,"4":2},"f":{},"b":{},"_coverageSchema":"1a1c01bbd47fc00a2c39e90264f33305004495a9","hash":"1a9cc369572b6542776586999a5a01fc32c4c5da"}
,"/Users/kyleburton/Desktop/csc 308 - personal homepage/Personal-Homepage/backend/model/userServices.js": {"path":"/Users/kyleburton/Desktop/csc 308 - personal homepage/Personal-Homepage/backend/model/userServices.js","statementMap":{"0":{"start":{"line":1,"column":19},"end":{"line":1,"column":37}},"1":{"start":{"line":2,"column":17},"end":{"line":2,"column":36}},"2":{"start":{"line":3,"column":19},"end":{"line":3,"column":42}},"3":{"start":{"line":8,"column":4},"end":{"line":8,"column":24}},"4":{"start":{"line":9,"column":4},"end":{"line":9,"column":16}},"5":{"start":{"line":13,"column":4},"end":{"line":19,"column":5}},"6":{"start":{"line":14,"column":20},"end":{"line":14,"column":38}},"7":{"start":{"line":15,"column":8},"end":{"line":18,"column":11}},"8":{"start":{"line":20,"column":4},"end":{"line":20,"column":24}},"9":{"start":{"line":24,"column":22},"end":{"line":24,"column":65}},"10":{"start":{"line":25,"column":4},"end":{"line":30,"column":5}},"11":{"start":{"line":26,"column":8},"end":{"line":26,"column":53}},"12":{"start":{"line":28,"column":8},"end":{"line":28,"column":27}},"13":{"start":{"line":29,"column":8},"end":{"line":29,"column":25}},"14":{"start":{"line":34,"column":22},"end":{"line":34,"column":65}},"15":{"start":{"line":35,"column":4},"end":{"line":40,"column":5}},"16":{"start":{"line":36,"column":8},"end":{"line":36,"column":59}},"17":{"start":{"line":38,"column":8},"end":{"line":38,"column":27}},"18":{"start":{"line":39,"column":8},"end":{"line":39,"column":25}},"19":{"start":{"line":44,"column":22},"end":{"line":44,"column":65}},"20":{"start":{"line":45,"column":4},"end":{"line":50,"column":5}},"21":{"start":{"line":46,"column":8},"end":{"line":46,"column":72}},"22":{"start":{"line":48,"column":8},"end":{"line":48,"column":27}},"23":{"start":{"line":49,"column":8},"end":{"line":49,"column":25}},"24":{"start":{"line":54,"column":22},"end":{"line":54,"column":65}},"25":{"start":{"line":55,"column":4},"end":{"line":60,"column":5}},"26":{"start":{"line":56,"column":8},"end":{"line":56,"column":68}},"27":{"start":{"line":58,"column":8},"end":{"line":58,"column":27}},"28":{"start":{"line":59,"column":8},"end":{"line":59,"column":25}},"29":{"start":{"line":64,"column":22},"end":{"line":64,"column":65}},"30":{"start":{"line":65,"column":4},"end":{"line":72,"column":5}},"31":{"start":{"line":66,"column":26},"end":{"line":66,"column":45}},"32":{"start":{"line":67,"column":26},"end":{"line":67,"column":48}},"33":{"start":{"line":68,"column":8},"end":{"line":68,"column":25}},"34":{"start":{"line":70,"column":8},"end":{"line":70,"column":27}},"35":{"start":{"line":71,"column":8},"end":{"line":71,"column":25}},"36":{"start":{"line":76,"column":22},"end":{"line":76,"column":65}},"37":{"start":{"line":77,"column":4},"end":{"line":86,"column":5}},"38":{"start":{"line":78,"column":8},"end":{"line":82,"column":10}},"39":{"start":{"line":84,"column":8},"end":{"line":84,"column":27}},"40":{"start":{"line":85,"column":8},"end":{"line":85,"column":25}},"41":{"start":{"line":90,"column":22},"end":{"line":90,"column":65}},"42":{"start":{"line":91,"column":4},"end":{"line":102,"column":5}},"43":{"start":{"line":92,"column":8},"end":{"line":98,"column":10}},"44":{"start":{"line":100,"column":8},"end":{"line":100,"column":27}},"45":{"start":{"line":101,"column":8},"end":{"line":101,"column":25}},"46":{"start":{"line":106,"column":22},"end":{"line":106,"column":65}},"47":{"start":{"line":107,"column":4},"end":{"line":118,"column":5}},"48":{"start":{"line":108,"column":8},"end":{"line":114,"column":10}},"49":{"start":{"line":116,"column":8},"end":{"line":116,"column":27}},"50":{"start":{"line":117,"column":8},"end":{"line":117,"column":25}},"51":{"start":{"line":122,"column":22},"end":{"line":122,"column":65}},"52":{"start":{"line":123,"column":4},"end":{"line":134,"column":5}},"53":{"start":{"line":124,"column":8},"end":{"line":130,"column":10}},"54":{"start":{"line":132,"column":8},"end":{"line":132,"column":27}},"55":{"start":{"line":133,"column":8},"end":{"line":133,"column":25}},"56":{"start":{"line":138,"column":22},"end":{"line":138,"column":65}},"57":{"start":{"line":139,"column":20},"end":{"line":139,"column":22}},"58":{"start":{"line":140,"column":4},"end":{"line":142,"column":5}},"59":{"start":{"line":141,"column":8},"end":{"line":141,"column":57}},"60":{"start":{"line":143,"column":4},"end":{"line":163,"column":5}},"61":{"start":{"line":144,"column":8},"end":{"line":159,"column":10}},"62":{"start":{"line":161,"column":8},"end":{"line":161,"column":27}},"63":{"start":{"line":162,"column":8},"end":{"line":162,"column":25}},"64":{"start":{"line":167,"column":22},"end":{"line":167,"column":65}},"65":{"start":{"line":168,"column":20},"end":{"line":168,"column":22}},"66":{"start":{"line":169,"column":4},"end":{"line":171,"column":5}},"67":{"start":{"line":170,"column":8},"end":{"line":170,"column":62}},"68":{"start":{"line":172,"column":4},"end":{"line":192,"column":5}},"69":{"start":{"line":173,"column":8},"end":{"line":188,"column":10}},"70":{"start":{"line":190,"column":8},"end":{"line":190,"column":27}},"71":{"start":{"line":191,"column":8},"end":{"line":191,"column":25}},"72":{"start":{"line":196,"column":22},"end":{"line":196,"column":65}},"73":{"start":{"line":197,"column":4},"end":{"line":215,"column":5}},"74":{"start":{"line":198,"column":8},"end":{"line":211,"column":10}},"75":{"start":{"line":213,"column":8},"end":{"line":213,"column":27}},"76":{"start":{"line":214,"column":8},"end":{"line":214,"column":25}},"77":{"start":{"line":219,"column":4},"end":{"line":228,"column":5}},"78":{"start":{"line":220,"column":8},"end":{"line":227,"column":9}},"79":{"start":{"line":221,"column":12},"end":{"line":226,"column":13}},"80":{"start":{"line":221,"column":23},"end":{"line":226,"column":13}},"81":{"start":{"line":222,"column":16},"end":{"line":224,"column":17}},"82":{"start":{"line":223,"column":20},"end":{"line":223,"column":70}},"83":{"start":{"line":223,"column":51},"end":{"line":223,"column":70}},"84":{"start":{"line":225,"column":16},"end":{"line":225,"column":28}},"85":{"start":{"line":229,"column":4},"end":{"line":229,"column":21}},"86":{"start":{"line":233,"column":22},"end":{"line":233,"column":65}},"87":{"start":{"line":234,"column":4},"end":{"line":254,"column":5}},"88":{"start":{"line":235,"column":8},"end":{"line":250,"column":10}},"89":{"start":{"line":252,"column":8},"end":{"line":252,"column":27}},"90":{"start":{"line":253,"column":8},"end":{"line":253,"column":25}},"91":{"start":{"line":258,"column":22},"end":{"line":258,"column":65}},"92":{"start":{"line":260,"column":20},"end":{"line":260,"column":45}},"93":{"start":{"line":261,"column":4},"end":{"line":261,"column":35}},"94":{"start":{"line":261,"column":18},"end":{"line":261,"column":35}},"95":{"start":{"line":262,"column":20},"end":{"line":262,"column":22}},"96":{"start":{"line":263,"column":16},"end":{"line":263,"column":21}},"97":{"start":{"line":264,"column":4},"end":{"line":270,"column":5}},"98":{"start":{"line":265,"column":8},"end":{"line":265,"column":20}},"99":{"start":{"line":266,"column":8},"end":{"line":269,"column":9}},"100":{"start":{"line":267,"column":12},"end":{"line":267,"column":25}},"101":{"start":{"line":268,"column":12},"end":{"line":268,"column":18}},"102":{"start":{"line":271,"column":4},"end":{"line":271,"column":33}},"103":{"start":{"line":271,"column":16},"end":{"line":271,"column":33}},"104":{"start":{"line":273,"column":20},"end":{"line":273,"column":22}},"105":{"start":{"line":274,"column":4},"end":{"line":276,"column":5}},"106":{"start":{"line":275,"column":8},"end":{"line":275,"column":75}},"107":{"start":{"line":278,"column":22},"end":{"line":280,"column":5}},"108":{"start":{"line":281,"column":4},"end":{"line":281,"column":56}},"109":{"start":{"line":283,"column":4},"end":{"line":300,"column":5}},"110":{"start":{"line":284,"column":8},"end":{"line":296,"column":10}},"111":{"start":{"line":298,"column":8},"end":{"line":298,"column":27}},"112":{"start":{"line":299,"column":8},"end":{"line":299,"column":25}},"113":{"start":{"line":304,"column":4},"end":{"line":304,"column":29}},"114":{"start":{"line":305,"column":4},"end":{"line":305,"column":42}},"115":{"start":{"line":306,"column":4},"end":{"line":306,"column":29}},"116":{"start":{"line":307,"column":4},"end":{"line":307,"column":17}},"117":{"start":{"line":310,"column":22},"end":{"line":310,"column":65}},"118":{"start":{"line":312,"column":20},"end":{"line":312,"column":21}},"119":{"start":{"line":314,"column":4},"end":{"line":368,"column":5}},"120":{"start":{"line":316,"column":8},"end":{"line":366,"column":9}},"121":{"start":{"line":318,"column":12},"end":{"line":365,"column":13}},"122":{"start":{"line":319,"column":16},"end":{"line":319,"column":33}},"123":{"start":{"line":320,"column":19},"end":{"line":365,"column":13}},"124":{"start":{"line":321,"column":16},"end":{"line":321,"column":33}},"125":{"start":{"line":322,"column":19},"end":{"line":365,"column":13}},"126":{"start":{"line":323,"column":16},"end":{"line":323,"column":33}},"127":{"start":{"line":324,"column":19},"end":{"line":365,"column":13}},"128":{"start":{"line":328,"column":16},"end":{"line":328,"column":33}},"129":{"start":{"line":331,"column":16},"end":{"line":342,"column":22}},"130":{"start":{"line":332,"column":20},"end":{"line":332,"column":78}},"131":{"start":{"line":333,"column":21},"end":{"line":342,"column":22}},"132":{"start":{"line":334,"column":20},"end":{"line":334,"column":78}},"133":{"start":{"line":335,"column":21},"end":{"line":342,"column":22}},"134":{"start":{"line":336,"column":20},"end":{"line":336,"column":66}},"135":{"start":{"line":337,"column":21},"end":{"line":342,"column":22}},"136":{"start":{"line":338,"column":20},"end":{"line":342,"column":22}},"137":{"start":{"line":345,"column":16},"end":{"line":364,"column":17}},"138":{"start":{"line":346,"column":20},"end":{"line":360,"column":22}},"139":{"start":{"line":362,"column":20},"end":{"line":362,"column":39}},"140":{"start":{"line":363,"column":20},"end":{"line":363,"column":37}},"141":{"start":{"line":367,"column":8},"end":{"line":367,"column":20}},"142":{"start":{"line":371,"column":0},"end":{"line":371,"column":42}},"143":{"start":{"line":372,"column":0},"end":{"line":372,"column":34}},"144":{"start":{"line":373,"column":0},"end":{"line":373,"column":28}},"145":{"start":{"line":374,"column":0},"end":{"line":374,"column":40}},"146":{"start":{"line":375,"column":0},"end":{"line":375,"column":26}},"147":{"start":{"line":376,"column":0},"end":{"line":376,"column":38}},"148":{"start":{"line":377,"column":0},"end":{"line":377,"column":46}},"149":{"start":{"line":378,"column":0},"end":{"line":378,"column":58}},"150":{"start":{"line":379,"column":0},"end":{"line":379,"column":40}},"151":{"start":{"line":380,"column":0},"end":{"line":380,"column":44}},"152":{"start":{"line":381,"column":0},"end":{"line":381,"column":52}},"153":{"start":{"line":382,"column":0},"end":{"line":382,"column":48}},"154":{"start":{"line":383,"column":0},"end":{"line":383,"column":42}},"155":{"start":{"line":384,"column":0},"end":{"line":384,"column":48}},"156":{"start":{"line":385,"column":0},"end":{"line":385,"column":42}},"157":{"start":{"line":386,"column":0},"end":{"line":386,"column":40}},"158":{"start":{"line":387,"column":0},"end":{"line":387,"column":40}}},"fnMap":{"0":{"name":"setDbConnection","decl":{"start":{"line":7,"column":9},"end":{"line":7,"column":24}},"loc":{"start":{"line":7,"column":31},"end":{"line":10,"column":1}},"line":7},"1":{"name":"getDbConnection","decl":{"start":{"line":12,"column":9},"end":{"line":12,"column":24}},"loc":{"start":{"line":12,"column":27},"end":{"line":21,"column":1}},"line":12},"2":{"name":"getUsers","decl":{"start":{"line":23,"column":15},"end":{"line":23,"column":23}},"loc":{"start":{"line":23,"column":26},"end":{"line":31,"column":1}},"line":23},"3":{"name":"getUserById","decl":{"start":{"line":33,"column":15},"end":{"line":33,"column":26}},"loc":{"start":{"line":33,"column":31},"end":{"line":41,"column":1}},"line":33},"4":{"name":"getUserByEmail","decl":{"start":{"line":43,"column":15},"end":{"line":43,"column":29}},"loc":{"start":{"line":43,"column":37},"end":{"line":51,"column":1}},"line":43},"5":{"name":"deleteUserById","decl":{"start":{"line":53,"column":15},"end":{"line":53,"column":29}},"loc":{"start":{"line":53,"column":34},"end":{"line":61,"column":1}},"line":53},"6":{"name":"addUser","decl":{"start":{"line":63,"column":15},"end":{"line":63,"column":22}},"loc":{"start":{"line":63,"column":29},"end":{"line":73,"column":1}},"line":63},"7":{"name":"setUserFields","decl":{"start":{"line":75,"column":15},"end":{"line":75,"column":28}},"loc":{"start":{"line":75,"column":48},"end":{"line":87,"column":1}},"line":75},"8":{"name":"addTileToUserById","decl":{"start":{"line":89,"column":15},"end":{"line":89,"column":32}},"loc":{"start":{"line":89,"column":43},"end":{"line":103,"column":1}},"line":89},"9":{"name":"removeTileFromUserByIds","decl":{"start":{"line":105,"column":15},"end":{"line":105,"column":38}},"loc":{"start":{"line":105,"column":51},"end":{"line":119,"column":1}},"line":105},"10":{"name":"deleteAllTiles","decl":{"start":{"line":121,"column":15},"end":{"line":121,"column":29}},"loc":{"start":{"line":121,"column":34},"end":{"line":135,"column":1}},"line":121},"11":{"name":"updateTileFields","decl":{"start":{"line":137,"column":15},"end":{"line":137,"column":31}},"loc":{"start":{"line":137,"column":63},"end":{"line":164,"column":1}},"line":137},"12":{"name":"updateTileDataFields","decl":{"start":{"line":166,"column":15},"end":{"line":166,"column":35}},"loc":{"start":{"line":166,"column":67},"end":{"line":193,"column":1}},"line":166},"13":{"name":"addTileListItem","decl":{"start":{"line":195,"column":15},"end":{"line":195,"column":30}},"loc":{"start":{"line":195,"column":56},"end":{"line":216,"column":1}},"line":195},"14":{"name":"getTileListItem","decl":{"start":{"line":218,"column":15},"end":{"line":218,"column":30}},"loc":{"start":{"line":218,"column":54},"end":{"line":230,"column":1}},"line":218},"15":{"name":"deleteTileListItem","decl":{"start":{"line":232,"column":15},"end":{"line":232,"column":33}},"loc":{"start":{"line":232,"column":58},"end":{"line":255,"column":1}},"line":232},"16":{"name":"updateTileListItem","decl":{"start":{"line":257,"column":15},"end":{"line":257,"column":33}},"loc":{"start":{"line":257,"column":73},"end":{"line":301,"column":1}},"line":257},"17":{"name":"swapTiles","decl":{"start":{"line":303,"column":9},"end":{"line":303,"column":18}},"loc":{"start":{"line":303,"column":50},"end":{"line":308,"column":1}},"line":303},"18":{"name":"moveTileMobile","decl":{"start":{"line":309,"column":15},"end":{"line":309,"column":29}},"loc":{"start":{"line":309,"column":64},"end":{"line":369,"column":1}},"line":309}},"branchMap":{"0":{"loc":{"start":{"line":13,"column":4},"end":{"line":19,"column":5}},"type":"if","locations":[{"start":{"line":13,"column":4},"end":{"line":19,"column":5}},{"start":{},"end":{}}],"line":13},"1":{"loc":{"start":{"line":26,"column":15},"end":{"line":26,"column":52}},"type":"binary-expr","locations":[{"start":{"line":26,"column":16},"end":{"line":26,"column":38}},{"start":{"line":26,"column":43},"end":{"line":26,"column":52}}],"line":26},"2":{"loc":{"start":{"line":36,"column":15},"end":{"line":36,"column":58}},"type":"binary-expr","locations":[{"start":{"line":36,"column":16},"end":{"line":36,"column":44}},{"start":{"line":36,"column":49},"end":{"line":36,"column":58}}],"line":36},"3":{"loc":{"start":{"line":46,"column":15},"end":{"line":46,"column":71}},"type":"binary-expr","locations":[{"start":{"line":46,"column":16},"end":{"line":46,"column":57}},{"start":{"line":46,"column":62},"end":{"line":46,"column":71}}],"line":46},"4":{"loc":{"start":{"line":56,"column":15},"end":{"line":56,"column":67}},"type":"binary-expr","locations":[{"start":{"line":56,"column":16},"end":{"line":56,"column":53}},{"start":{"line":56,"column":58},"end":{"line":56,"column":67}}],"line":56},"5":{"loc":{"start":{"line":79,"column":12},"end":{"line":81,"column":28}},"type":"binary-expr","locations":[{"start":{"line":79,"column":13},"end":{"line":81,"column":14}},{"start":{"line":81,"column":19},"end":{"line":81,"column":28}}],"line":79},"6":{"loc":{"start":{"line":93,"column":12},"end":{"line":97,"column":27}},"type":"binary-expr","locations":[{"start":{"line":93,"column":13},"end":{"line":97,"column":13}},{"start":{"line":97,"column":18},"end":{"line":97,"column":27}}],"line":93},"7":{"loc":{"start":{"line":109,"column":12},"end":{"line":113,"column":27}},"type":"binary-expr","locations":[{"start":{"line":109,"column":13},"end":{"line":113,"column":13}},{"start":{"line":113,"column":18},"end":{"line":113,"column":27}}],"line":109},"8":{"loc":{"start":{"line":125,"column":12},"end":{"line":129,"column":27}},"type":"binary-expr","locations":[{"start":{"line":125,"column":13},"end":{"line":129,"column":13}},{"start":{"line":129,"column":18},"end":{"line":129,"column":27}}],"line":125},"9":{"loc":{"start":{"line":145,"column":12},"end":{"line":158,"column":27}},"type":"binary-expr","locations":[{"start":{"line":145,"column":13},"end":{"line":158,"column":13}},{"start":{"line":158,"column":18},"end":{"line":158,"column":27}}],"line":145},"10":{"loc":{"start":{"line":174,"column":12},"end":{"line":187,"column":27}},"type":"binary-expr","locations":[{"start":{"line":174,"column":13},"end":{"line":187,"column":13}},{"start":{"line":187,"column":18},"end":{"line":187,"column":27}}],"line":174},"11":{"loc":{"start":{"line":220,"column":8},"end":{"line":227,"column":9}},"type":"if","locations":[{"start":{"line":220,"column":8},"end":{"line":227,"column":9}},{"start":{},"end":{}}],"line":220},"12":{"loc":{"start":{"line":223,"column":20},"end":{"line":223,"column":70}},"type":"if","locations":[{"start":{"line":223,"column":20},"end":{"line":223,"column":70}},{"start":{},"end":{}}],"line":223},"13":{"loc":{"start":{"line":236,"column":12},"end":{"line":249,"column":27}},"type":"binary-expr","locations":[{"start":{"line":236,"column":13},"end":{"line":249,"column":13}},{"start":{"line":249,"column":18},"end":{"line":249,"column":27}}],"line":236},"14":{"loc":{"start":{"line":261,"column":4},"end":{"line":261,"column":35}},"type":"if","locations":[{"start":{"line":261,"column":4},"end":{"line":261,"column":35}},{"start":{},"end":{}}],"line":261},"15":{"loc":{"start":{"line":266,"column":8},"end":{"line":269,"column":9}},"type":"if","locations":[{"start":{"line":266,"column":8},"end":{"line":269,"column":9}},{"start":{},"end":{}}],"line":266},"16":{"loc":{"start":{"line":271,"column":4},"end":{"line":271,"column":33}},"type":"if","locations":[{"start":{"line":271,"column":4},"end":{"line":271,"column":33}},{"start":{},"end":{}}],"line":271},"17":{"loc":{"start":{"line":285,"column":12},"end":{"line":295,"column":27}},"type":"binary-expr","locations":[{"start":{"line":285,"column":13},"end":{"line":295,"column":13}},{"start":{"line":295,"column":18},"end":{"line":295,"column":27}}],"line":285},"18":{"loc":{"start":{"line":316,"column":8},"end":{"line":366,"column":9}},"type":"if","locations":[{"start":{"line":316,"column":8},"end":{"line":366,"column":9}},{"start":{},"end":{}}],"line":316},"19":{"loc":{"start":{"line":318,"column":12},"end":{"line":365,"column":13}},"type":"if","locations":[{"start":{"line":318,"column":12},"end":{"line":365,"column":13}},{"start":{"line":320,"column":19},"end":{"line":365,"column":13}}],"line":318},"20":{"loc":{"start":{"line":318,"column":16},"end":{"line":318,"column":52}},"type":"binary-expr","locations":[{"start":{"line":318,"column":16},"end":{"line":318,"column":34}},{"start":{"line":318,"column":38},"end":{"line":318,"column":52}}],"line":318},"21":{"loc":{"start":{"line":320,"column":19},"end":{"line":365,"column":13}},"type":"if","locations":[{"start":{"line":320,"column":19},"end":{"line":365,"column":13}},{"start":{"line":322,"column":19},"end":{"line":365,"column":13}}],"line":320},"22":{"loc":{"start":{"line":320,"column":23},"end":{"line":320,"column":76}},"type":"binary-expr","locations":[{"start":{"line":320,"column":23},"end":{"line":320,"column":43}},{"start":{"line":320,"column":47},"end":{"line":320,"column":76}}],"line":320},"23":{"loc":{"start":{"line":322,"column":19},"end":{"line":365,"column":13}},"type":"if","locations":[{"start":{"line":322,"column":19},"end":{"line":365,"column":13}},{"start":{"line":324,"column":19},"end":{"line":365,"column":13}}],"line":322},"24":{"loc":{"start":{"line":322,"column":23},"end":{"line":322,"column":60}},"type":"binary-expr","locations":[{"start":{"line":322,"column":23},"end":{"line":322,"column":42}},{"start":{"line":322,"column":46},"end":{"line":322,"column":60}}],"line":322},"25":{"loc":{"start":{"line":324,"column":19},"end":{"line":365,"column":13}},"type":"if","locations":[{"start":{"line":324,"column":19},"end":{"line":365,"column":13}},{"start":{"line":329,"column":19},"end":{"line":365,"column":13}}],"line":324},"26":{"loc":{"start":{"line":325,"column":16},"end":{"line":326,"column":45}},"type":"binary-expr","locations":[{"start":{"line":325,"column":16},"end":{"line":325,"column":38}},{"start":{"line":326,"column":16},"end":{"line":326,"column":45}}],"line":325},"27":{"loc":{"start":{"line":331,"column":16},"end":{"line":342,"column":22}},"type":"if","locations":[{"start":{"line":331,"column":16},"end":{"line":342,"column":22}},{"start":{"line":333,"column":21},"end":{"line":342,"column":22}}],"line":331},"28":{"loc":{"start":{"line":333,"column":21},"end":{"line":342,"column":22}},"type":"if","locations":[{"start":{"line":333,"column":21},"end":{"line":342,"column":22}},{"start":{"line":335,"column":21},"end":{"line":342,"column":22}}],"line":333},"29":{"loc":{"start":{"line":335,"column":21},"end":{"line":342,"column":22}},"type":"if","locations":[{"start":{"line":335,"column":21},"end":{"line":342,"column":22}},{"start":{"line":337,"column":21},"end":{"line":342,"column":22}}],"line":335},"30":{"loc":{"start":{"line":337,"column":21},"end":{"line":342,"column":22}},"type":"if","locations":[{"start":{"line":337,"column":21},"end":{"line":342,"column":22}},{"start":{},"end":{}}],"line":337},"31":{"loc":{"start":{"line":347,"column":24},"end":{"line":359,"column":39}},"type":"binary-expr","locations":[{"start":{"line":347,"column":25},"end":{"line":359,"column":25}},{"start":{"line":359,"column":30},"end":{"line":359,"column":39}}],"line":347}},"s":{"0":2,"1":2,"2":2,"3":1,"4":1,"5":41,"6":0,"7":0,"8":41,"9":1,"10":1,"11":1,"12":0,"13":0,"14":8,"15":8,"16":8,"17":2,"18":2,"19":2,"20":2,"21":2,"22":0,"23":0,"24":2,"25":2,"26":2,"27":1,"28":1,"29":2,"30":2,"31":2,"32":2,"33":1,"34":1,"35":1,"36":2,"37":2,"38":2,"39":1,"40":1,"41":2,"42":2,"43":2,"44":1,"45":1,"46":3,"47":3,"48":3,"49":2,"50":2,"51":1,"52":1,"53":1,"54":0,"55":0,"56":3,"57":3,"58":3,"59":2,"60":3,"61":3,"62":2,"63":2,"64":3,"65":3,"66":3,"67":2,"68":3,"69":3,"70":2,"71":2,"72":4,"73":4,"74":4,"75":2,"76":2,"77":2,"78":2,"79":1,"80":1,"81":4,"82":5,"83":3,"84":1,"85":1,"86":4,"87":4,"88":4,"89":3,"90":3,"91":4,"92":4,"93":4,"94":1,"95":3,"96":3,"97":3,"98":3,"99":3,"100":2,"101":2,"102":3,"103":1,"104":2,"105":2,"106":2,"107":2,"108":2,"109":2,"110":2,"111":1,"112":1,"113":0,"114":0,"115":0,"116":0,"117":0,"118":0,"119":0,"120":0,"121":0,"122":0,"123":0,"124":0,"125":0,"126":0,"127":0,"128":0,"129":0,"130":0,"131":0,"132":0,"133":0,"134":0,"135":0,"136":0,"137":0,"138":0,"139":0,"140":0,"141":0,"142":2,"143":2,"144":2,"145":2,"146":2,"147":2,"148":2,"149":2,"150":2,"151":2,"152":2,"153":2,"154":2,"155":2,"156":2,"157":2,"158":2},"f":{"0":1,"1":41,"2":1,"3":8,"4":2,"5":2,"6":2,"7":2,"8":2,"9":3,"10":1,"11":3,"12":3,"13":4,"14":2,"15":4,"16":4,"17":0,"18":0},"b":{"0":[0,41],"1":[1,0],"2":[8,1],"3":[2,1],"4":[2,0],"5":[2,0],"6":[2,0],"7":[3,0],"8":[1,0],"9":[3,0],"10":[3,0],"11":[1,1],"12":[3,2],"13":[4,0],"14":[1,3],"15":[2,1],"16":[1,2],"17":[2,0],"18":[0,0],"19":[0,0],"20":[0,0],"21":[0,0],"22":[0,0],"23":[0,0],"24":[0,0],"25":[0,0],"26":[0,0],"27":[0,0],"28":[0,0],"29":[0,0],"30":[0,0],"31":[0,0]},"_coverageSchema":"1a1c01bbd47fc00a2c39e90264f33305004495a9","hash":"65ff9ef2ed6101ccb32bfcf77c384dbf5b810df0"}
}
