{"C:\\Users\\KyleB\\OneDrive\\Documents\\GitHub\\personal-homepage\\backend\\model\\userSchema.js": {"path":"C:\\Users\\KyleB\\OneDrive\\Documents\\GitHub\\personal-homepage\\backend\\model\\userSchema.js","statementMap":{"0":{"start":{"line":1,"column":17},"end":{"line":1,"column":36}},"1":{"start":{"line":3,"column":23},"end":{"line":11,"column":1}},"2":{"start":{"line":13,"column":19},"end":{"line":42,"column":1}},"3":{"start":{"line":44,"column":19},"end":{"line":61,"column":1}},"4":{"start":{"line":63,"column":0},"end":{"line":63,"column":28}}},"fnMap":{},"branchMap":{},"s":{"0":1,"1":1,"2":1,"3":1,"4":1},"f":{},"b":{},"_coverageSchema":"1a1c01bbd47fc00a2c39e90264f33305004495a9","hash":"4ef8c310913464589ebf46fda6a79c2b93d5bdf5"}
,"C:\\Users\\KyleB\\OneDrive\\Documents\\GitHub\\personal-homepage\\backend\\model\\userServices.js": {"path":"C:\\Users\\KyleB\\OneDrive\\Documents\\GitHub\\personal-homepage\\backend\\model\\userServices.js","statementMap":{"0":{"start":{"line":1,"column":19},"end":{"line":1,"column":37}},"1":{"start":{"line":2,"column":17},"end":{"line":2,"column":36}},"2":{"start":{"line":3,"column":19},"end":{"line":3,"column":42}},"3":{"start":{"line":8,"column":4},"end":{"line":8,"column":24}},"4":{"start":{"line":9,"column":4},"end":{"line":9,"column":16}},"5":{"start":{"line":13,"column":4},"end":{"line":19,"column":5}},"6":{"start":{"line":14,"column":20},"end":{"line":14,"column":180}},"7":{"start":{"line":15,"column":8},"end":{"line":18,"column":11}},"8":{"start":{"line":20,"column":4},"end":{"line":20,"column":24}},"9":{"start":{"line":24,"column":22},"end":{"line":24,"column":65}},"10":{"start":{"line":25,"column":4},"end":{"line":30,"column":5}},"11":{"start":{"line":26,"column":8},"end":{"line":26,"column":51}},"12":{"start":{"line":28,"column":8},"end":{"line":28,"column":27}},"13":{"start":{"line":29,"column":8},"end":{"line":29,"column":25}},"14":{"start":{"line":34,"column":22},"end":{"line":34,"column":65}},"15":{"start":{"line":35,"column":4},"end":{"line":40,"column":5}},"16":{"start":{"line":36,"column":8},"end":{"line":36,"column":57}},"17":{"start":{"line":38,"column":8},"end":{"line":38,"column":27}},"18":{"start":{"line":39,"column":8},"end":{"line":39,"column":25}},"19":{"start":{"line":44,"column":22},"end":{"line":44,"column":65}},"20":{"start":{"line":45,"column":4},"end":{"line":50,"column":5}},"21":{"start":{"line":46,"column":8},"end":{"line":46,"column":69}},"22":{"start":{"line":48,"column":8},"end":{"line":48,"column":27}},"23":{"start":{"line":49,"column":8},"end":{"line":49,"column":25}},"24":{"start":{"line":54,"column":22},"end":{"line":54,"column":65}},"25":{"start":{"line":55,"column":4},"end":{"line":60,"column":5}},"26":{"start":{"line":56,"column":8},"end":{"line":56,"column":66}},"27":{"start":{"line":58,"column":8},"end":{"line":58,"column":27}},"28":{"start":{"line":59,"column":8},"end":{"line":59,"column":25}},"29":{"start":{"line":64,"column":22},"end":{"line":64,"column":65}},"30":{"start":{"line":65,"column":4},"end":{"line":72,"column":5}},"31":{"start":{"line":66,"column":26},"end":{"line":66,"column":45}},"32":{"start":{"line":67,"column":26},"end":{"line":67,"column":48}},"33":{"start":{"line":68,"column":8},"end":{"line":68,"column":25}},"34":{"start":{"line":70,"column":8},"end":{"line":70,"column":27}},"35":{"start":{"line":71,"column":8},"end":{"line":71,"column":25}},"36":{"start":{"line":76,"column":22},"end":{"line":76,"column":65}},"37":{"start":{"line":77,"column":4},"end":{"line":86,"column":5}},"38":{"start":{"line":78,"column":8},"end":{"line":82,"column":23}},"39":{"start":{"line":84,"column":8},"end":{"line":84,"column":27}},"40":{"start":{"line":85,"column":8},"end":{"line":85,"column":25}},"41":{"start":{"line":90,"column":22},"end":{"line":90,"column":65}},"42":{"start":{"line":91,"column":4},"end":{"line":100,"column":5}},"43":{"start":{"line":92,"column":8},"end":{"line":96,"column":23}},"44":{"start":{"line":98,"column":8},"end":{"line":98,"column":27}},"45":{"start":{"line":99,"column":8},"end":{"line":99,"column":25}},"46":{"start":{"line":104,"column":22},"end":{"line":104,"column":65}},"47":{"start":{"line":105,"column":4},"end":{"line":114,"column":5}},"48":{"start":{"line":106,"column":8},"end":{"line":110,"column":23}},"49":{"start":{"line":112,"column":8},"end":{"line":112,"column":27}},"50":{"start":{"line":113,"column":8},"end":{"line":113,"column":25}},"51":{"start":{"line":118,"column":22},"end":{"line":118,"column":65}},"52":{"start":{"line":119,"column":20},"end":{"line":119,"column":22}},"53":{"start":{"line":120,"column":4},"end":{"line":122,"column":5}},"54":{"start":{"line":121,"column":8},"end":{"line":121,"column":57}},"55":{"start":{"line":123,"column":4},"end":{"line":141,"column":5}},"56":{"start":{"line":124,"column":8},"end":{"line":137,"column":23}},"57":{"start":{"line":139,"column":8},"end":{"line":139,"column":27}},"58":{"start":{"line":140,"column":8},"end":{"line":140,"column":25}},"59":{"start":{"line":145,"column":22},"end":{"line":145,"column":65}},"60":{"start":{"line":146,"column":4},"end":{"line":164,"column":5}},"61":{"start":{"line":147,"column":8},"end":{"line":160,"column":9}},"62":{"start":{"line":162,"column":8},"end":{"line":162,"column":27}},"63":{"start":{"line":163,"column":8},"end":{"line":163,"column":25}},"64":{"start":{"line":168,"column":4},"end":{"line":178,"column":5}},"65":{"start":{"line":169,"column":8},"end":{"line":177,"column":9}},"66":{"start":{"line":170,"column":12},"end":{"line":176,"column":13}},"67":{"start":{"line":171,"column":12},"end":{"line":176,"column":13}},"68":{"start":{"line":172,"column":16},"end":{"line":174,"column":17}},"69":{"start":{"line":173,"column":20},"end":{"line":173,"column":70}},"70":{"start":{"line":173,"column":51},"end":{"line":173,"column":70}},"71":{"start":{"line":175,"column":16},"end":{"line":175,"column":28}},"72":{"start":{"line":179,"column":4},"end":{"line":179,"column":21}},"73":{"start":{"line":183,"column":22},"end":{"line":183,"column":65}},"74":{"start":{"line":184,"column":4},"end":{"line":202,"column":5}},"75":{"start":{"line":185,"column":8},"end":{"line":198,"column":23}},"76":{"start":{"line":200,"column":8},"end":{"line":200,"column":27}},"77":{"start":{"line":201,"column":8},"end":{"line":201,"column":25}},"78":{"start":{"line":206,"column":22},"end":{"line":206,"column":65}},"79":{"start":{"line":208,"column":20},"end":{"line":208,"column":45}},"80":{"start":{"line":209,"column":4},"end":{"line":209,"column":35}},"81":{"start":{"line":209,"column":18},"end":{"line":209,"column":35}},"82":{"start":{"line":210,"column":20},"end":{"line":210,"column":22}},"83":{"start":{"line":211,"column":16},"end":{"line":211,"column":21}},"84":{"start":{"line":212,"column":4},"end":{"line":218,"column":5}},"85":{"start":{"line":213,"column":8},"end":{"line":213,"column":21}},"86":{"start":{"line":214,"column":8},"end":{"line":217,"column":9}},"87":{"start":{"line":215,"column":12},"end":{"line":215,"column":25}},"88":{"start":{"line":216,"column":12},"end":{"line":216,"column":18}},"89":{"start":{"line":219,"column":4},"end":{"line":219,"column":33}},"90":{"start":{"line":219,"column":16},"end":{"line":219,"column":33}},"91":{"start":{"line":221,"column":20},"end":{"line":221,"column":22}},"92":{"start":{"line":222,"column":4},"end":{"line":224,"column":5}},"93":{"start":{"line":223,"column":8},"end":{"line":223,"column":75}},"94":{"start":{"line":226,"column":22},"end":{"line":228,"column":5}},"95":{"start":{"line":229,"column":4},"end":{"line":229,"column":56}},"96":{"start":{"line":231,"column":4},"end":{"line":246,"column":5}},"97":{"start":{"line":232,"column":8},"end":{"line":242,"column":23}},"98":{"start":{"line":244,"column":8},"end":{"line":244,"column":27}},"99":{"start":{"line":245,"column":8},"end":{"line":245,"column":25}},"100":{"start":{"line":249,"column":0},"end":{"line":249,"column":42}},"101":{"start":{"line":250,"column":0},"end":{"line":250,"column":34}},"102":{"start":{"line":251,"column":0},"end":{"line":251,"column":28}},"103":{"start":{"line":252,"column":0},"end":{"line":252,"column":40}},"104":{"start":{"line":253,"column":0},"end":{"line":253,"column":26}},"105":{"start":{"line":254,"column":0},"end":{"line":254,"column":38}},"106":{"start":{"line":255,"column":0},"end":{"line":255,"column":46}},"107":{"start":{"line":256,"column":0},"end":{"line":256,"column":58}},"108":{"start":{"line":257,"column":0},"end":{"line":257,"column":40}},"109":{"start":{"line":258,"column":0},"end":{"line":258,"column":44}},"110":{"start":{"line":259,"column":0},"end":{"line":259,"column":48}},"111":{"start":{"line":260,"column":0},"end":{"line":260,"column":42}},"112":{"start":{"line":261,"column":0},"end":{"line":261,"column":48}},"113":{"start":{"line":262,"column":0},"end":{"line":262,"column":42}}},"fnMap":{"0":{"name":"setDbConnection","decl":{"start":{"line":7,"column":9},"end":{"line":7,"column":24}},"loc":{"start":{"line":7,"column":31},"end":{"line":10,"column":1}},"line":7},"1":{"name":"getDbConnection","decl":{"start":{"line":12,"column":9},"end":{"line":12,"column":24}},"loc":{"start":{"line":12,"column":27},"end":{"line":21,"column":1}},"line":12},"2":{"name":"getUsers","decl":{"start":{"line":23,"column":15},"end":{"line":23,"column":23}},"loc":{"start":{"line":23,"column":25},"end":{"line":31,"column":1}},"line":23},"3":{"name":"getUserById","decl":{"start":{"line":33,"column":15},"end":{"line":33,"column":26}},"loc":{"start":{"line":33,"column":30},"end":{"line":41,"column":1}},"line":33},"4":{"name":"getUserByEmail","decl":{"start":{"line":43,"column":15},"end":{"line":43,"column":29}},"loc":{"start":{"line":43,"column":36},"end":{"line":51,"column":1}},"line":43},"5":{"name":"deleteUserById","decl":{"start":{"line":53,"column":15},"end":{"line":53,"column":29}},"loc":{"start":{"line":53,"column":34},"end":{"line":61,"column":1}},"line":53},"6":{"name":"addUser","decl":{"start":{"line":63,"column":15},"end":{"line":63,"column":22}},"loc":{"start":{"line":63,"column":28},"end":{"line":73,"column":1}},"line":63},"7":{"name":"setUserFields","decl":{"start":{"line":75,"column":15},"end":{"line":75,"column":28}},"loc":{"start":{"line":75,"column":47},"end":{"line":87,"column":1}},"line":75},"8":{"name":"addTileToUserById","decl":{"start":{"line":89,"column":15},"end":{"line":89,"column":32}},"loc":{"start":{"line":89,"column":43},"end":{"line":101,"column":1}},"line":89},"9":{"name":"removeTileFromUserByIds","decl":{"start":{"line":103,"column":15},"end":{"line":103,"column":38}},"loc":{"start":{"line":103,"column":51},"end":{"line":115,"column":1}},"line":103},"10":{"name":"updateTileFields","decl":{"start":{"line":117,"column":15},"end":{"line":117,"column":31}},"loc":{"start":{"line":117,"column":63},"end":{"line":142,"column":1}},"line":117},"11":{"name":"addTileListItem","decl":{"start":{"line":144,"column":15},"end":{"line":144,"column":30}},"loc":{"start":{"line":144,"column":56},"end":{"line":165,"column":1}},"line":144},"12":{"name":"getTileListItem","decl":{"start":{"line":167,"column":15},"end":{"line":167,"column":30}},"loc":{"start":{"line":167,"column":54},"end":{"line":180,"column":1}},"line":167},"13":{"name":"deleteTileListItem","decl":{"start":{"line":182,"column":15},"end":{"line":182,"column":33}},"loc":{"start":{"line":182,"column":58},"end":{"line":203,"column":1}},"line":182},"14":{"name":"updateTileListItem","decl":{"start":{"line":205,"column":15},"end":{"line":205,"column":33}},"loc":{"start":{"line":205,"column":73},"end":{"line":247,"column":1}},"line":205}},"branchMap":{"0":{"loc":{"start":{"line":13,"column":4},"end":{"line":19,"column":5}},"type":"if","locations":[{"start":{"line":13,"column":4},"end":{"line":19,"column":5}},{"start":{},"end":{}}],"line":13},"1":{"loc":{"start":{"line":26,"column":15},"end":{"line":26,"column":50}},"type":"binary-expr","locations":[{"start":{"line":26,"column":15},"end":{"line":26,"column":37}},{"start":{"line":26,"column":41},"end":{"line":26,"column":50}}],"line":26},"2":{"loc":{"start":{"line":36,"column":15},"end":{"line":36,"column":56}},"type":"binary-expr","locations":[{"start":{"line":36,"column":15},"end":{"line":36,"column":43}},{"start":{"line":36,"column":47},"end":{"line":36,"column":56}}],"line":36},"3":{"loc":{"start":{"line":46,"column":15},"end":{"line":46,"column":68}},"type":"binary-expr","locations":[{"start":{"line":46,"column":15},"end":{"line":46,"column":55}},{"start":{"line":46,"column":59},"end":{"line":46,"column":68}}],"line":46},"4":{"loc":{"start":{"line":56,"column":15},"end":{"line":56,"column":65}},"type":"binary-expr","locations":[{"start":{"line":56,"column":15},"end":{"line":56,"column":52}},{"start":{"line":56,"column":56},"end":{"line":56,"column":65}}],"line":56},"5":{"loc":{"start":{"line":78,"column":15},"end":{"line":82,"column":22}},"type":"binary-expr","locations":[{"start":{"line":78,"column":15},"end":{"line":82,"column":9}},{"start":{"line":82,"column":13},"end":{"line":82,"column":22}}],"line":78},"6":{"loc":{"start":{"line":92,"column":15},"end":{"line":96,"column":22}},"type":"binary-expr","locations":[{"start":{"line":92,"column":15},"end":{"line":96,"column":9}},{"start":{"line":96,"column":13},"end":{"line":96,"column":22}}],"line":92},"7":{"loc":{"start":{"line":106,"column":15},"end":{"line":110,"column":22}},"type":"binary-expr","locations":[{"start":{"line":106,"column":15},"end":{"line":110,"column":9}},{"start":{"line":110,"column":13},"end":{"line":110,"column":22}}],"line":106},"8":{"loc":{"start":{"line":124,"column":15},"end":{"line":137,"column":22}},"type":"binary-expr","locations":[{"start":{"line":124,"column":15},"end":{"line":137,"column":9}},{"start":{"line":137,"column":13},"end":{"line":137,"column":22}}],"line":124},"9":{"loc":{"start":{"line":169,"column":8},"end":{"line":177,"column":9}},"type":"if","locations":[{"start":{"line":169,"column":8},"end":{"line":177,"column":9}},{"start":{},"end":{}}],"line":169},"10":{"loc":{"start":{"line":173,"column":20},"end":{"line":173,"column":70}},"type":"if","locations":[{"start":{"line":173,"column":20},"end":{"line":173,"column":70}},{"start":{},"end":{}}],"line":173},"11":{"loc":{"start":{"line":185,"column":15},"end":{"line":198,"column":22}},"type":"binary-expr","locations":[{"start":{"line":185,"column":15},"end":{"line":198,"column":9}},{"start":{"line":198,"column":13},"end":{"line":198,"column":22}}],"line":185},"12":{"loc":{"start":{"line":209,"column":4},"end":{"line":209,"column":35}},"type":"if","locations":[{"start":{"line":209,"column":4},"end":{"line":209,"column":35}},{"start":{},"end":{}}],"line":209},"13":{"loc":{"start":{"line":214,"column":8},"end":{"line":217,"column":9}},"type":"if","locations":[{"start":{"line":214,"column":8},"end":{"line":217,"column":9}},{"start":{},"end":{}}],"line":214},"14":{"loc":{"start":{"line":219,"column":4},"end":{"line":219,"column":33}},"type":"if","locations":[{"start":{"line":219,"column":4},"end":{"line":219,"column":33}},{"start":{},"end":{}}],"line":219},"15":{"loc":{"start":{"line":232,"column":15},"end":{"line":242,"column":22}},"type":"binary-expr","locations":[{"start":{"line":232,"column":15},"end":{"line":242,"column":9}},{"start":{"line":242,"column":13},"end":{"line":242,"column":22}}],"line":232}},"s":{"0":1,"1":1,"2":1,"3":1,"4":1,"5":36,"6":0,"7":0,"8":36,"9":1,"10":1,"11":1,"12":0,"13":0,"14":7,"15":7,"16":7,"17":2,"18":2,"19":2,"20":2,"21":2,"22":0,"23":0,"24":2,"25":2,"26":2,"27":1,"28":1,"29":2,"30":2,"31":2,"32":2,"33":1,"34":1,"35":1,"36":2,"37":2,"38":2,"39":1,"40":1,"41":2,"42":2,"43":2,"44":1,"45":1,"46":3,"47":3,"48":3,"49":2,"50":2,"51":3,"52":3,"53":3,"54":2,"55":3,"56":3,"57":2,"58":2,"59":4,"60":4,"61":4,"62":2,"63":2,"64":2,"65":2,"66":1,"67":1,"68":4,"69":5,"70":3,"71":1,"72":1,"73":4,"74":4,"75":4,"76":3,"77":3,"78":4,"79":4,"80":4,"81":1,"82":3,"83":3,"84":3,"85":3,"86":3,"87":2,"88":2,"89":3,"90":1,"91":2,"92":2,"93":2,"94":2,"95":2,"96":2,"97":2,"98":1,"99":1,"100":1,"101":1,"102":1,"103":1,"104":1,"105":1,"106":1,"107":1,"108":1,"109":1,"110":1,"111":1,"112":1,"113":1},"f":{"0":1,"1":36,"2":1,"3":7,"4":2,"5":2,"6":2,"7":2,"8":2,"9":3,"10":3,"11":4,"12":2,"13":4,"14":4},"b":{"0":[0,36],"1":[1,0],"2":[7,1],"3":[2,1],"4":[2,0],"5":[2,0],"6":[2,0],"7":[3,0],"8":[3,0],"9":[1,1],"10":[3,2],"11":[4,0],"12":[1,3],"13":[2,1],"14":[1,2],"15":[2,0]},"_coverageSchema":"1a1c01bbd47fc00a2c39e90264f33305004495a9","hash":"b69e472ae3241fe74d819ab97d5890fc2ec7ac0c"}
}
