TN:
SF:model/userSchema.js
FNF:0
FNH:0
DA:1,1
DA:3,1
DA:13,1
DA:44,1
DA:68,1
LF:5
LH:5
BRF:0
BRH:0
end_of_record
TN:
SF:model/userServices.js
FN:7,setDbConnection
FN:12,getDbConnection
FN:23,getUsers
FN:33,getUserById
FN:43,getUserByEmail
FN:53,deleteUserById
FN:63,addUser
FN:75,setUserFields
FN:89,addTileToUserById
FN:103,removeTileFromUserByIds
FN:117,updateTileFields
FN:144,addTileListItem
FN:167,getTileListItem
FN:182,deleteTileListItem
FN:205,updateTileListItem
FNF:15
FNH:15
FNDA:1,setDbConnection
FNDA:36,getDbConnection
FNDA:1,getUsers
FNDA:7,getUserById
FNDA:2,getUserByEmail
FNDA:2,deleteUserById
FNDA:2,addUser
FNDA:2,setUserFields
FNDA:2,addTileToUserById
FNDA:3,removeTileFromUserByIds
FNDA:3,updateTileFields
FNDA:4,addTileListItem
FNDA:2,getTileListItem
FNDA:4,deleteTileListItem
FNDA:4,updateTileListItem
DA:1,1
DA:2,1
DA:3,1
DA:8,1
DA:9,1
DA:13,36
DA:14,0
DA:15,0
DA:20,36
DA:24,1
DA:25,1
DA:26,1
DA:28,0
DA:29,0
DA:34,7
DA:35,7
DA:36,7
DA:38,2
DA:39,2
DA:44,2
DA:45,2
DA:46,2
DA:48,0
DA:49,0
DA:54,2
DA:55,2
DA:56,2
DA:58,1
DA:59,1
DA:64,2
DA:65,2
DA:66,2
DA:67,2
DA:68,1
DA:70,1
DA:71,1
DA:76,2
DA:77,2
DA:78,2
DA:84,1
DA:85,1
DA:90,2
DA:91,2
DA:92,2
DA:98,1
DA:99,1
DA:104,3
DA:105,3
DA:106,3
DA:112,2
DA:113,2
DA:118,3
DA:119,3
DA:120,3
DA:121,2
DA:123,3
DA:124,3
DA:139,2
DA:140,2
DA:145,4
DA:146,4
DA:147,4
DA:162,2
DA:163,2
DA:168,2
DA:169,2
DA:170,1
DA:171,1
DA:172,4
DA:173,5
DA:175,1
DA:179,1
DA:183,4
DA:184,4
DA:185,4
DA:200,3
DA:201,3
DA:206,4
DA:208,4
DA:209,4
DA:210,3
DA:211,3
DA:212,3
DA:213,3
DA:214,3
DA:215,2
DA:216,2
DA:219,3
DA:221,2
DA:222,2
DA:223,2
DA:226,2
DA:229,2
DA:231,2
DA:232,2
DA:244,1
DA:245,1
DA:249,1
DA:250,1
DA:251,1
DA:252,1
DA:253,1
DA:254,1
DA:255,1
DA:256,1
DA:257,1
DA:258,1
DA:259,1
DA:260,1
DA:261,1
DA:262,1
LF:111
LH:105
BRDA:13,0,0,0
BRDA:13,0,1,36
BRDA:26,1,0,1
BRDA:26,1,1,0
BRDA:36,2,0,7
BRDA:36,2,1,1
BRDA:46,3,0,2
BRDA:46,3,1,1
BRDA:56,4,0,2
BRDA:56,4,1,0
BRDA:78,5,0,2
BRDA:78,5,1,0
BRDA:92,6,0,2
BRDA:92,6,1,0
BRDA:106,7,0,3
BRDA:106,7,1,0
BRDA:124,8,0,3
BRDA:124,8,1,0
BRDA:169,9,0,1
BRDA:169,9,1,1
BRDA:173,10,0,3
BRDA:173,10,1,2
BRDA:185,11,0,4
BRDA:185,11,1,0
BRDA:209,12,0,1
BRDA:209,12,1,3
BRDA:214,13,0,2
BRDA:214,13,1,1
BRDA:219,14,0,1
BRDA:219,14,1,2
BRDA:232,15,0,2
BRDA:232,15,1,0
BRF:32
BRH:23
end_of_record
