TN:
SF:model/userSchema.js
FNF:0
FNH:0
DA:1,2
DA:3,2
DA:13,2
DA:48,2
DA:77,2
LF:5
LH:5
BRF:0
BRH:0
end_of_record
TN:
SF:model/userServices.js
FN:7,setDbConnection
FN:12,getDbConnection
FN:23,getUsers
FN:33,getUserById
FN:43,getUserByEmail
FN:53,deleteUserById
FN:63,addUser
FN:75,setUserFields
FN:89,addTileToUserById
FN:105,removeTileFromUserByIds
FN:121,deleteAllTiles
FN:137,updateTileFields
FN:166,updateTileDataFields
FN:195,addTileListItem
FN:218,getTileListItem
FN:232,deleteTileListItem
FN:257,updateTileListItem
FN:303,swapTiles
FN:309,moveTileMobile
FNF:19
FNH:17
FNDA:1,setDbConnection
FNDA:41,getDbConnection
FNDA:1,getUsers
FNDA:8,getUserById
FNDA:2,getUserByEmail
FNDA:2,deleteUserById
FNDA:2,addUser
FNDA:2,setUserFields
FNDA:2,addTileToUserById
FNDA:3,removeTileFromUserByIds
FNDA:1,deleteAllTiles
FNDA:3,updateTileFields
FNDA:3,updateTileDataFields
FNDA:4,addTileListItem
FNDA:2,getTileListItem
FNDA:4,deleteTileListItem
FNDA:4,updateTileListItem
FNDA:0,swapTiles
FNDA:0,moveTileMobile
DA:1,2
DA:2,2
DA:3,2
DA:8,1
DA:9,1
DA:13,41
DA:14,0
DA:15,0
DA:20,41
DA:24,1
DA:25,1
DA:26,1
DA:28,0
DA:29,0
DA:34,8
DA:35,8
DA:36,8
DA:38,2
DA:39,2
DA:44,2
DA:45,2
DA:46,2
DA:48,0
DA:49,0
DA:54,2
DA:55,2
DA:56,2
DA:58,1
DA:59,1
DA:64,2
DA:65,2
DA:66,2
DA:67,2
DA:68,1
DA:70,1
DA:71,1
DA:76,2
DA:77,2
DA:78,2
DA:84,1
DA:85,1
DA:90,2
DA:91,2
DA:92,2
DA:100,1
DA:101,1
DA:106,3
DA:107,3
DA:108,3
DA:116,2
DA:117,2
DA:122,1
DA:123,1
DA:124,1
DA:132,0
DA:133,0
DA:138,3
DA:139,3
DA:140,3
DA:141,2
DA:143,3
DA:144,3
DA:161,2
DA:162,2
DA:167,3
DA:168,3
DA:169,3
DA:170,2
DA:172,3
DA:173,3
DA:190,2
DA:191,2
DA:196,4
DA:197,4
DA:198,4
DA:213,2
DA:214,2
DA:219,2
DA:220,2
DA:221,1
DA:222,4
DA:223,5
DA:225,1
DA:229,1
DA:233,4
DA:234,4
DA:235,4
DA:252,3
DA:253,3
DA:258,4
DA:260,4
DA:261,4
DA:262,3
DA:263,3
DA:264,3
DA:265,3
DA:266,3
DA:267,2
DA:268,2
DA:271,3
DA:273,2
DA:274,2
DA:275,2
DA:278,2
DA:281,2
DA:283,2
DA:284,2
DA:298,1
DA:299,1
DA:304,0
DA:305,0
DA:306,0
DA:307,0
DA:310,0
DA:312,0
DA:314,0
DA:316,0
DA:318,0
DA:319,0
DA:320,0
DA:321,0
DA:322,0
DA:323,0
DA:324,0
DA:328,0
DA:331,0
DA:332,0
DA:333,0
DA:334,0
DA:335,0
DA:336,0
DA:337,0
DA:338,0
DA:345,0
DA:346,0
DA:362,0
DA:363,0
DA:367,0
DA:371,2
DA:372,2
DA:373,2
DA:374,2
DA:375,2
DA:376,2
DA:377,2
DA:378,2
DA:379,2
DA:380,2
DA:381,2
DA:382,2
DA:383,2
DA:384,2
DA:385,2
DA:386,2
DA:387,2
LF:155
LH:118
BRDA:13,0,0,0
BRDA:13,0,1,41
BRDA:26,1,0,1
BRDA:26,1,1,0
BRDA:36,2,0,8
BRDA:36,2,1,1
BRDA:46,3,0,2
BRDA:46,3,1,1
BRDA:56,4,0,2
BRDA:56,4,1,0
BRDA:79,5,0,2
BRDA:79,5,1,0
BRDA:93,6,0,2
BRDA:93,6,1,0
BRDA:109,7,0,3
BRDA:109,7,1,0
BRDA:125,8,0,1
BRDA:125,8,1,0
BRDA:145,9,0,3
BRDA:145,9,1,0
BRDA:174,10,0,3
BRDA:174,10,1,0
BRDA:220,11,0,1
BRDA:220,11,1,1
BRDA:223,12,0,3
BRDA:223,12,1,2
BRDA:236,13,0,4
BRDA:236,13,1,0
BRDA:261,14,0,1
BRDA:261,14,1,3
BRDA:266,15,0,2
BRDA:266,15,1,1
BRDA:271,16,0,1
BRDA:271,16,1,2
BRDA:285,17,0,2
BRDA:285,17,1,0
BRDA:316,18,0,0
BRDA:316,18,1,0
BRDA:318,19,0,0
BRDA:318,19,1,0
BRDA:318,20,0,0
BRDA:318,20,1,0
BRDA:320,21,0,0
BRDA:320,21,1,0
BRDA:320,22,0,0
BRDA:320,22,1,0
BRDA:322,23,0,0
BRDA:322,23,1,0
BRDA:322,24,0,0
BRDA:322,24,1,0
BRDA:324,25,0,0
BRDA:324,25,1,0
BRDA:325,26,0,0
BRDA:325,26,1,0
BRDA:331,27,0,0
BRDA:331,27,1,0
BRDA:333,28,0,0
BRDA:333,28,1,0
BRDA:335,29,0,0
BRDA:335,29,1,0
BRDA:337,30,0,0
BRDA:337,30,1,0
BRDA:347,31,0,0
BRDA:347,31,1,0
BRF:64
BRH:25
end_of_record
